<?xml version="1.0" encoding="UTF-8"?>
<!-- Generated by org.testng.reporters.JUnitXMLReporter -->
<testsuite ignored="0" hostname="DESKTOP-F8VVTHA" failures="1" tests="3" name="Test" time="21.23" errors="0" timestamp="2022-07-28T12:41:06 IST">
  <testcase classname="testClasses.VerifyUserCanLogin" name="verifyUserCanLogin" time="4.918"/>
  <testcase classname="testClasses.VerifyUserCanAddNewAddress" name="VerifyUserCanGoToProfilePage" time="0.983"/>
  <testcase classname="testClasses.VerifyUserCanAddNewAddress" name="VerifyUserCanAddAddress" time="3.114">
    <failure type="java.lang.AssertionError" message="expected [4] but found [3]">
      <![CDATA[java.lang.AssertionError: expected [4] but found [3]
at testClasses.VerifyUserCanAddNewAddress.VerifyUserCanAddAddress(VerifyUserCanAddNewAddress.java:82)
at java.base/java.util.ArrayList.forEach(ArrayList.java:1511)
... Removed 33 stack frames]]>
    </failure>
  </testcase> <!-- VerifyUserCanAddAddress -->
</testsuite> <!-- Test -->
